<?xml version="1.0" encoding="UTF-8"?>
<testng-results skipped="0" failed="0" ignored="0" total="0" passed="0">
  <reporter-output>
  </reporter-output>
  <suite name="testrunners.TestRunner" duration-ms="5" started-at="2021-02-15T16:45:39Z" finished-at="2021-02-15T16:45:39Z">
    <groups>
    </groups>
    <test name="Command line test" duration-ms="5" started-at="2021-02-15T16:45:39Z" finished-at="2021-02-15T16:45:39Z">
    </test> <!-- Command line test -->
  </suite> <!-- testrunners.TestRunner -->
</testng-results>
