<?xml version="1.0" encoding="UTF-8" ?>
<testsuite tests="13" failures="1" name="testrunners.TestRunner" time="146.49" errors="0" skipped="0">
  <properties>
[...]
</properties>
  <testcase classname="Careers page feature" name="Careers page title" time="14.965"/>
  <testcase classname="Careers page feature" name="Check for Open Positions on Careers page" time="11.333"/>
  <testcase classname="Careers page feature" name="Validate the Broken links in Careers page" time="11.748"/>
  <testcase classname="Careers page feature" name="validate the Contact us functionality for open position" time="11.14"/>
  <testcase classname="Login page feature" name="Login page title" time="10.753"/>
  <testcase classname="Login page feature" name="Forgot Password link" time="10.712"/>
  <testcase classname="Login page feature" name="Try to login with Invalid credentials #1" time="10.265"/>
  <testcase classname="Login page feature" name="Try to login with Invalid credentials #2" time="11.078"/>
  <testcase classname="Login page feature" name="Try to login with Invalid credentials #3" time="11.138">
    <failure type="java.lang.AssertionError">java.lang.AssertionError
	at org.junit.Assert.fail(Assert.java:87)
	at org.junit.Assert.assertTrue(Assert.java:42)
	at org.junit.Assert.assertTrue(Assert.java:53)
	at StepDefinations.LoginPageSteps.userShouldGetErrorMessage(LoginPageSteps.java:67)
	at ✽.user should get Error message(file:///E:/Automation/CucumberJunitFrameWork/src/test/resources/AppFeatures/Login.feature:19)
</failure>
    <system-out>
@login @Functional
Scenario Outline: Try to login with Invalid credentials # src/test/resources/AppFeatures/Login.feature:25
browser value is :chrome
  Given user is on login page                           # StepDefinations.LoginPageSteps.userIsOnLoginPage()
  When user enters username &quot;jayantkal@gmail.com&quot;       # StepDefinations.LoginPageSteps.userEntersUsername(java.lang.String)
  And user enters password &quot;password&quot;                   # StepDefinations.LoginPageSteps.userEntersPassword(java.lang.String)
  And user clicks on Login button                       # StepDefinations.LoginPageSteps.userClicksOnLoginButton()
  Then user should get Error message                    # StepDefinations.LoginPageSteps.userShouldGetErrorMessage()
      java.lang.AssertionError
	at org.junit.Assert.fail(Assert.java:87)
	at org.junit.Assert.assertTrue(Assert.java:42)
	at org.junit.Assert.assertTrue(Assert.java:53)
	at StepDefinations.LoginPageSteps.userShouldGetErrorMessage(LoginPageSteps.java:67)
	at âœ½.user should get Error message(file:///E:/Automation/CucumberJunitFrameWork/src/test/resources/AppFeatures/Login.feature:19)


    Embedding Try_to_login_with_Invalid_credentials [image/png 947044 bytes]

</system-out>
    <system-err>Starting ChromeDriver 88.0.4324.96 (68dba2d8a0b149a1d3afac56fa74648032bcf46b-refs/branch-heads/4324@{#1784}) on port 39376
Only local connections are allowed.
Please see https://chromedriver.chromium.org/security-considerations for suggestions on keeping ChromeDriver safe.
ChromeDriver was started successfully.
Feb 15, 2021 11:03:44 PM org.openqa.selenium.remote.ProtocolHandshake createSession
INFO: Detected dialect: W3C
</system-err>
  </testcase>
  <testcase classname="Login page feature" name="Login with correct credentials" time="9.957"/>
  <testcase classname="Login page feature" name="Validate all links are working on Login screen" time="12.777"/>
  <testcase classname="Login page feature" name="ContactUs Link validation" time="10.667"/>
  <testcase classname="Login page feature" name="Validate the App store icons and links" time="9.957"/>
</testsuite>